<?xml version="1.0" encoding="UTF-8"?>
<testng-results skipped="0" failed="0" total="1" passed="1">
  <reporter-output>
  </reporter-output>
  <suite name="Default suite" duration-ms="44837" started-at="2016-04-17T14:41:35Z" finished-at="2016-04-17T14:42:20Z">
    <groups>
    </groups>
    <test name="Default test" duration-ms="44837" started-at="2016-04-17T14:41:35Z" finished-at="2016-04-17T14:42:20Z">
      <class name="greyTesting.SignMeUp">
        <test-method status="PASS" signature="setup()[pri:0, instance:greyTesting.SignMeUp@6abbd0]" name="setup" is-config="true" duration-ms="33242" started-at="2016-04-17T16:41:02Z" finished-at="2016-04-17T16:41:35Z">
          <reporter-output>
          </reporter-output>
        </test-method> <!-- setup -->
        <test-method status="PASS" signature="run()[pri:0, instance:greyTesting.SignMeUp@6abbd0]" name="run" duration-ms="44719" started-at="2016-04-17T16:41:35Z" finished-at="2016-04-17T16:42:20Z">
          <reporter-output>
          </reporter-output>
        </test-method> <!-- run -->
        <test-method status="PASS" signature="terminate()[pri:0, instance:greyTesting.SignMeUp@6abbd0]" name="terminate" is-config="true" duration-ms="3350" started-at="2016-04-17T16:42:20Z" finished-at="2016-04-17T16:42:23Z">
          <reporter-output>
          </reporter-output>
        </test-method> <!-- terminate -->
      </class> <!-- greyTesting.SignMeUp -->
    </test> <!-- Default test -->
  </suite> <!-- Default suite -->
</testng-results>
