<?xml version="1.0" encoding="UTF-8"?>
<testng-results skipped="0" failed="0" total="1" passed="1">
  <reporter-output>
  </reporter-output>
  <suite name="Default suite" duration-ms="224768" started-at="2016-04-17T20:40:15Z" finished-at="2016-04-17T20:44:00Z">
    <groups>
    </groups>
    <test name="Default test" duration-ms="224768" started-at="2016-04-17T20:40:15Z" finished-at="2016-04-17T20:44:00Z">
      <class name="greyTesting.SignMeUp">
        <test-method status="PASS" signature="beforetest()[pri:0, instance:greyTesting.SignMeUp@4f30291c]" name="beforetest" is-config="true" duration-ms="93417" started-at="2016-04-17T22:40:15Z" finished-at="2016-04-17T22:41:49Z">
          <reporter-output>
          </reporter-output>
        </test-method> <!-- beforetest -->
        <test-method status="PASS" signature="run()[pri:0, instance:greyTesting.SignMeUp@4f30291c]" name="run" duration-ms="126571" started-at="2016-04-17T22:41:49Z" finished-at="2016-04-17T22:43:55Z">
          <reporter-output>
          </reporter-output>
        </test-method> <!-- run -->
        <test-method status="PASS" signature="terminate()[pri:0, instance:greyTesting.SignMeUp@4f30291c]" name="terminate" is-config="true" duration-ms="4765" started-at="2016-04-17T22:43:55Z" finished-at="2016-04-17T22:44:00Z">
          <reporter-output>
          </reporter-output>
        </test-method> <!-- terminate -->
      </class> <!-- greyTesting.SignMeUp -->
    </test> <!-- Default test -->
  </suite> <!-- Default suite -->
</testng-results>
